Arguments: 
  /home/sm/.nvm/versions/node/v16.13.2/bin/node /home/sm/src/ci/_internal/rtfm-draft/.yarn/releases/yarn-1.19.0.cjs

PATH: 
  /home/sm/Software/maven/bin:/home/sm/Software/jdk/bin:/home/sm/.rbenv/shims:./node_modules/.bin:/home/sm/.nvm:/home/sm/bin:/home/sm/Software/maven/bin:/home/sm/Software/jdk/bin:/home/sm/.rbenv/shims:./node_modules/.bin:/home/sm/.nvm:/home/sm/bin:/home/sm/Software/maven/bin:/home/sm/Software/jdk/bin:/home/sm/.rbenv/shims:./node_modules/.bin:/home/sm/.nvm:/home/sm/bin:/home/sm/Software/maven/bin:/home/sm/Software/jdk/bin:/home/sm/.rbenv/shims:/home/sm/.rbenv/bin:./node_modules/.bin:/home/sm/.nvm:/home/sm/.nvm/versions/node/v16.13.2/bin:/home/sm/bin:/usr/local/sbin:/usr/local/bin:/usr/sbin:/usr/bin:/sbin:/bin:/usr/games:/usr/local/games:/snap/bin:/snap/bin:/home/sm/.yarn/bin

Yarn version: 
  1.19.0

Node version: 
  16.13.2

Platform: 
  linux x64

Trace: 
  SyntaxError: /home/sm/src/ci/_internal/rtfm-draft/mui.autocomplete.virtualized/package.json: Unexpected string in JSON at position 316
      at JSON.parse (<anonymous>)
      at /home/sm/src/ci/_internal/rtfm-draft/.yarn/releases/yarn-1.19.0.cjs:1098:57
      at Generator.next (<anonymous>)
      at step (/home/sm/src/ci/_internal/rtfm-draft/.yarn/releases/yarn-1.19.0.cjs:310:30)
      at /home/sm/src/ci/_internal/rtfm-draft/.yarn/releases/yarn-1.19.0.cjs:321:13

npm manifest: 
  {
    "name": "mui.autocomplete.virtualized",
    "version": "0.0.1",
    "private": true,
    "dependencies": {
      "@types/node": "^12.0.0",
      "@types/react": "^17.0.0",
      "@types/react-dom": "^17.0.0",
      "@types/react-virtualized": "^9.21.21",
      "@mui/material": "^5.13.0",
      "@mui/styled-engine":"^5.12.3"
      "react": "^17.0.2",
      "react-dom": "^17.0.2",
      "react-scripts": "4.0.3",
      "react-virtualized": "^9.22.3",
      "typescript": "^4.1.2"
    },
    "scripts": {
      "start": "react-scripts start",
      "build": "react-scripts build",
      "eject": "react-scripts eject"
    },
    "browserslist": {
      "production": [
        ">0.2%",
        "not dead",
        "not op_mini all"
      ],
      "development": [
        "last 1 chrome version",
        "last 1 firefox version",
        "last 1 safari version"
      ]
    }
  }

yarn manifest: 
  No manifest

Lockfile: 
  No lockfile
